-------------------------------------------------------------------------------
Test set: com.sai.microservice.MicroServiceDemo.MicroServiceDemoApplicationTests
-------------------------------------------------------------------------------
Tests run: 1, Failures: 0, Errors: 1, Skipped: 0, Time elapsed: 2.026 s <<< FAILURE! - in com.sai.microservice.MicroServiceDemo.MicroServiceDemoApplicationTests
initializationError(com.sai.microservice.MicroServiceDemo.MicroServiceDemoApplicationTests)  Time elapsed: 0.005 s  <<< ERROR!
java.lang.IllegalStateException: Unable to find a @SpringBootConfiguration, you need to use @ContextConfiguration or @SpringBootTest(classes=...) with your test

